DEBUG:urllib3.connectionpool:Starting new HTTPS connection (1): gtfsr.transportforireland.ie:443
DEBUG:urllib3.connectionpool:https://gtfsr.transportforireland.ie:443 "GET /v1/?format=json HTTP/1.1" 200 140465
ERROR:django.request:Internal Server Error: /stop/8250DB000768/
Traceback (most recent call last):
  File "C:\Users\35383\anaconda3\envs\DubBusVE\lib\site-packages\django\core\handlers\exception.py", line 55, in inner
    response = get_response(request)
  File "C:\Users\35383\anaconda3\envs\DubBusVE\lib\site-packages\django\core\handlers\base.py", line 197, in _get_response
    response = wrapped_callback(request, *callback_args, **callback_kwargs)
  File "C:\Users\35383\Documents\BusRepo\DublinBusRepo\gtfsAPI\views.py", line 129, in stop_detail
    realtime_updates = realtime_updates['Entity']
TypeError: list indices must be integers or slices, not str
INFO:django.utils.autoreload:C:\Users\35383\Documents\BusRepo\DublinBusRepo\gtfsAPI\views.py changed, reloading.
DEBUG:urllib3.connectionpool:Starting new HTTPS connection (1): gtfsr.transportforireland.ie:443
DEBUG:urllib3.connectionpool:https://gtfsr.transportforireland.ie:443 "GET /v1/?format=json HTTP/1.1" 200 140947
ERROR:django.request:Internal Server Error: /stop/8250DB000768/
Traceback (most recent call last):
  File "C:\Users\35383\anaconda3\envs\DubBusVE\lib\site-packages\django\core\handlers\exception.py", line 55, in inner
    response = get_response(request)
  File "C:\Users\35383\anaconda3\envs\DubBusVE\lib\site-packages\django\core\handlers\base.py", line 197, in _get_response
    response = wrapped_callback(request, *callback_args, **callback_kwargs)
  File "C:\Users\35383\Documents\BusRepo\DublinBusRepo\gtfsAPI\views.py", line 129, in stop_detail
    realtime_updates = realtime_updates['Entity']
TypeError: list indices must be integers or slices, not str
INFO:django.utils.autoreload:C:\Users\35383\Documents\BusRepo\DublinBusRepo\gtfsAPI\views.py changed, reloading.
DEBUG:urllib3.connectionpool:Starting new HTTPS connection (1): gtfsr.transportforireland.ie:443
DEBUG:urllib3.connectionpool:https://gtfsr.transportforireland.ie:443 "GET /v1/?format=json HTTP/1.1" 200 141067
INFO:root:First iteration runtime test (static gtfsr). Runtime: 22.89258098602295 StopId: 8250DB000768
DEBUG:urllib3.connectionpool:Starting new HTTPS connection (1): gtfsr.transportforireland.ie:443
DEBUG:urllib3.connectionpool:https://gtfsr.transportforireland.ie:443 "GET /v1/?format=json HTTP/1.1" 200 143278
INFO:root:First iteration runtime test (static gtfsr). Runtime: 22.482035398483276 StopId: 8250DB000768
DEBUG:urllib3.connectionpool:Starting new HTTPS connection (1): gtfsr.transportforireland.ie:443
DEBUG:urllib3.connectionpool:https://gtfsr.transportforireland.ie:443 "GET /v1/?format=json HTTP/1.1" 200 142519
INFO:root:First iteration runtime test (static gtfsr). Runtime: 21.99603247642517 StopId: 8250DB000768
DEBUG:urllib3.connectionpool:Starting new HTTPS connection (1): gtfsr.transportforireland.ie:443
DEBUG:urllib3.connectionpool:https://gtfsr.transportforireland.ie:443 "GET /v1/?format=json HTTP/1.1" 200 142689
INFO:root:First iteration runtime test (static gtfsr). Runtime: 12.986159801483154 StopId: 8220DB000271
DEBUG:urllib3.connectionpool:Starting new HTTPS connection (1): gtfsr.transportforireland.ie:443
DEBUG:urllib3.connectionpool:https://gtfsr.transportforireland.ie:443 "GET /v1/?format=json HTTP/1.1" 200 142937
INFO:root:First iteration runtime test (static gtfsr). Runtime: 27.311352252960205 StopId: 8220DB000014
DEBUG:urllib3.connectionpool:Starting new HTTPS connection (1): gtfsr.transportforireland.ie:443
DEBUG:urllib3.connectionpool:https://gtfsr.transportforireland.ie:443 "GET /v1/?format=json HTTP/1.1" 200 144366
INFO:root:First iteration runtime test (static gtfsr). Runtime: 26.310953378677368 StopId: 8220DB000014
DEBUG:urllib3.connectionpool:Starting new HTTPS connection (1): gtfsr.transportforireland.ie:443
DEBUG:urllib3.connectionpool:https://gtfsr.transportforireland.ie:443 "GET /v1/?format=json HTTP/1.1" 200 143584
INFO:root:First iteration runtime test (static gtfsr). Runtime: 26.533782720565796 StopId: 8220DB000014
DEBUG:urllib3.connectionpool:Starting new HTTPS connection (1): gtfsr.transportforireland.ie:443
DEBUG:urllib3.connectionpool:https://gtfsr.transportforireland.ie:443 "GET /v1/?format=json HTTP/1.1" 200 145227
INFO:root:First iteration runtime test (static gtfsr). Runtime: 11.570494413375854 StopId: 8220DB000002
DEBUG:urllib3.connectionpool:Starting new HTTPS connection (1): gtfsr.transportforireland.ie:443
DEBUG:urllib3.connectionpool:https://gtfsr.transportforireland.ie:443 "GET /v1/?format=json HTTP/1.1" 200 145291
INFO:root:First iteration runtime test (static gtfsr). Runtime: 11.321994066238403 StopId: 8220DB000002
DEBUG:urllib3.connectionpool:Starting new HTTPS connection (1): gtfsr.transportforireland.ie:443
DEBUG:urllib3.connectionpool:https://gtfsr.transportforireland.ie:443 "GET /v1/?format=json HTTP/1.1" 200 145651
INFO:root:First iteration runtime test (static gtfsr). Runtime: 11.291131973266602 StopId: 8220DB000002
INFO:django.utils.autoreload:C:\Users\35383\Documents\BusRepo\DublinBusRepo\gtfsAPI\views.py changed, reloading.
INFO:django.utils.autoreload:C:\Users\35383\Documents\BusRepo\DublinBusRepo\gtfsAPI\views.py changed, reloading.
INFO:django.utils.autoreload:C:\Users\35383\Documents\BusRepo\DublinBusRepo\gtfsAPI\views.py changed, reloading.
INFO:root:Second iteration algorithm runtime test (static gtfsr). Runtime: 12.914151668548584 StopId: 8220DB000002
INFO:root:Second iteration algorithm runtime test (static gtfsr). Runtime: 11.652175188064575 StopId: 8220DB000002
INFO:root:Second iteration algorithm runtime test (static gtfsr). Runtime: 11.874381065368652 StopId: 8220DB000002
INFO:root:Second iteration algorithm runtime test (static gtfsr). Runtime: 10.764332056045532 StopId: 8250DB000767
INFO:root:Second iteration algorithm runtime test (static gtfsr). Runtime: 10.988716125488281 StopId: 8250DB000767
INFO:root:Second iteration algorithm runtime test (static gtfsr). Runtime: 10.729902744293213 StopId: 8250DB000767
INFO:root:Second iteration algorithm runtime test (static gtfsr). Runtime: 10.85621953010559 StopId: 8220DB000271
INFO:root:Second iteration algorithm runtime test (static gtfsr). Runtime: 10.731459617614746 StopId: 8220DB000271
INFO:root:Second iteration algorithm runtime test (static gtfsr). Runtime: 11.17207145690918 StopId: 8220DB000271
INFO:django.utils.autoreload:C:\Users\35383\Documents\BusRepo\DublinBusRepo\gtfsAPI\views.py changed, reloading.
INFO:django.utils.autoreload:C:\Users\35383\Documents\BusRepo\DublinBusRepo\gtfsAPI\views.py changed, reloading.
INFO:django.utils.autoreload:C:\Users\35383\Documents\BusRepo\DublinBusRepo\gtfsAPI\views.py changed, reloading.
INFO:root:Sequential search algo test. Runtime of search 1:11.773874282836914
INFO:root:Sequential search algo test. Runtime of search 2:1.0871784687042236
INFO:root:Sequential search algo test. Runtime of search 1:10.62810206413269
INFO:root:Sequential search algo test. Runtime of search 2:1.1227235794067383
INFO:root:Sequential search algo test. Runtime of search 1:10.679441690444946
INFO:root:Sequential search algo test. Runtime of search 2:1.1422512531280518
INFO:django.utils.autoreload:C:\Users\35383\Documents\BusRepo\DublinBusRepo\gtfsAPI\views.py changed, reloading.
INFO:root:Sequential search algo test. Runtime of search 1:9.71026611328125
INFO:root:Sequential search algo test. Runtime of search 2:0.9764339923858643
INFO:django.utils.autoreload:C:\Users\35383\Documents\BusRepo\DublinBusRepo\gtfsAPI\views.py changed, reloading.
INFO:django.utils.autoreload:C:\Users\35383\Documents\BusRepo\DublinBusRepo\gtfsAPI\views.py changed, reloading.
INFO:root:Sequential search algo test. Runtime of search 1:2.780597686767578
INFO:root:Sequential search algo test. Runtime of search 2:1.0048599243164062
INFO:django.utils.autoreload:C:\Users\35383\Documents\BusRepo\DublinBusRepo\gtfsAPI\views.py changed, reloading.
INFO:root:Sequential search algo test. Runtime of search 1:2.7273600101470947
INFO:root:Sequential search algo test. Runtime of search 2:0.917752742767334
INFO:django.utils.autoreload:C:\Users\35383\Documents\BusRepo\DublinBusRepo\gtfsAPI\views.py changed, reloading.
INFO:django.utils.autoreload:C:\Users\35383\Documents\BusRepo\DublinBusRepo\gtfsAPI\views.py changed, reloading.
INFO:django.utils.autoreload:C:\Users\35383\Documents\BusRepo\DublinBusRepo\gtfsAPI\views.py changed, reloading.
INFO:django.utils.autoreload:C:\Users\35383\Documents\BusRepo\DublinBusRepo\gtfsAPI\views.py changed, reloading.
INFO:django.utils.autoreload:C:\Users\35383\Documents\BusRepo\DublinBusRepo\gtfsAPI\views.py changed, reloading.
INFO:django.utils.autoreload:C:\Users\35383\Documents\BusRepo\DublinBusRepo\gtfsAPI\views.py changed, reloading.
INFO:root:Optimised SQL query test. Runtime of dict_search:2.648388385772705
INFO:root:Optimised SQL query test. Runtime of dict_search:2.6742711067199707
INFO:root:Optimised SQL query test. Runtime of dict_search:2.5546326637268066
INFO:root:Optimised SQL query test. Runtime of dict_search:2.5245392322540283
INFO:root:Optimised SQL query test. Runtime of dict_search:2.4350857734680176
INFO:root:Optimised SQL query test. Runtime of dict_search:2.7488834857940674
INFO:root:Optimised SQL query test. Runtime of dict_search:2.528125524520874
INFO:root:Optimised SQL query test. Runtime of dict_search:2.4679133892059326
INFO:root:Optimised SQL query test. Runtime of dict_search:2.791415214538574
INFO:django.utils.autoreload:C:\Users\35383\Documents\BusRepo\DublinBusRepo\gtfsAPI\views.py changed, reloading.
INFO:django.utils.autoreload:C:\Users\35383\Documents\BusRepo\DublinBusRepo\gtfsAPI\views.py changed, reloading.
INFO:django.utils.autoreload:C:\Users\35383\Documents\BusRepo\DublinBusRepo\gtfsAPI\views.py changed, reloading.
INFO:django.utils.autoreload:C:\Users\35383\Documents\BusRepo\DublinBusRepo\gtfsAPI\views.py changed, reloading.
INFO:django.utils.autoreload:C:\Users\35383\Documents\BusRepo\DublinBusRepo\gtfsAPI\views.py changed, reloading.
INFO:root:TEST: 2.620856285095215
ERROR:django.request:Internal Server Error: /stop/8220DB000270/
Traceback (most recent call last):
  File "C:\Users\35383\anaconda3\envs\DubBusVE\lib\site-packages\django\core\handlers\exception.py", line 55, in inner
    response = get_response(request)
  File "C:\Users\35383\anaconda3\envs\DubBusVE\lib\site-packages\django\core\handlers\base.py", line 204, in _get_response
    self.check_response(response, callback)
  File "C:\Users\35383\anaconda3\envs\DubBusVE\lib\site-packages\django\core\handlers\base.py", line 332, in check_response
    raise ValueError(
ValueError: The view gtfsAPI.views.stop_detail didn't return an HttpResponse object. It returned None instead.
INFO:django.utils.autoreload:C:\Users\35383\Documents\BusRepo\DublinBusRepo\gtfsAPI\views.py changed, reloading.
INFO:django.utils.autoreload:C:\Users\35383\Documents\BusRepo\DublinBusRepo\gtfsAPI\views.py changed, reloading.
INFO:root:TEST: 3.252812385559082
ERROR:django.request:Internal Server Error: /stop/8220DB000270/
Traceback (most recent call last):
  File "C:\Users\35383\anaconda3\envs\DubBusVE\lib\site-packages\django\core\handlers\exception.py", line 55, in inner
    response = get_response(request)
  File "C:\Users\35383\anaconda3\envs\DubBusVE\lib\site-packages\django\core\handlers\base.py", line 204, in _get_response
    self.check_response(response, callback)
  File "C:\Users\35383\anaconda3\envs\DubBusVE\lib\site-packages\django\core\handlers\base.py", line 332, in check_response
    raise ValueError(
ValueError: The view gtfsAPI.views.stop_detail didn't return an HttpResponse object. It returned None instead.
INFO:django.utils.autoreload:C:\Users\35383\Documents\BusRepo\DublinBusRepo\gtfsAPI\views.py changed, reloading.
INFO:root:TEST: 2.4907665252685547
INFO:root:TEST: 2.7359886169433594
INFO:django.utils.autoreload:C:\Users\35383\Documents\BusRepo\DublinBusRepo\gtfsAPI\views.py changed, reloading.
INFO:django.utils.autoreload:C:\Users\35383\Documents\BusRepo\DublinBusRepo\gtfsAPI\views.py changed, reloading.
INFO:root:TEST: 2.7659571170806885
INFO:root:TEST: 2.4989116191864014
INFO:django.utils.autoreload:C:\Users\35383\Documents\BusRepo\DublinBusRepo\gtfsAPI\views.py changed, reloading.
INFO:django.utils.autoreload:C:\Users\35383\Documents\BusRepo\DublinBusRepo\gtfsAPI\views.py changed, reloading.
INFO:django.utils.autoreload:C:\Users\35383\Documents\BusRepo\DublinBusRepo\gtfsAPI\views.py changed, reloading.
INFO:root:TEST: 2.8949027061462402
INFO:django.utils.autoreload:C:\Users\35383\Documents\BusRepo\DublinBusRepo\gtfsAPI\views.py changed, reloading.
INFO:django.utils.autoreload:C:\Users\35383\Documents\BusRepo\DublinBusRepo\gtfsAPI\views.py changed, reloading.
ERROR:django.request:Internal Server Error: /stop/8220DB000006/
Traceback (most recent call last):
  File "C:\Users\35383\anaconda3\envs\DubBusVE\lib\site-packages\django\core\handlers\exception.py", line 55, in inner
    response = get_response(request)
  File "C:\Users\35383\anaconda3\envs\DubBusVE\lib\site-packages\django\core\handlers\base.py", line 197, in _get_response
    response = wrapped_callback(request, *callback_args, **callback_kwargs)
  File "C:\Users\35383\Documents\BusRepo\DublinBusRepo\gtfsAPI\views.py", line 76, in stop_detail
    print(stop_details.query)
AttributeError: 'Stops' object has no attribute 'query'
INFO:django.utils.autoreload:C:\Users\35383\Documents\BusRepo\DublinBusRepo\gtfsAPI\views.py changed, reloading.
INFO:django.utils.autoreload:C:\Users\35383\Documents\BusRepo\DublinBusRepo\gtfsAPI\views.py changed, reloading.
INFO:django.utils.autoreload:C:\Users\35383\Documents\BusRepo\DublinBusRepo\gtfsAPI\views.py changed, reloading.
INFO:django.utils.autoreload:C:\Users\35383\Documents\BusRepo\DublinBusRepo\gtfsAPI\views.py changed, reloading.
INFO:django.utils.autoreload:C:\Users\35383\Documents\BusRepo\DublinBusRepo\gtfsAPI\views.py changed, reloading.
DEBUG:urllib3.connectionpool:Starting new HTTPS connection (1): gtfsr.transportforireland.ie:443
DEBUG:urllib3.connectionpool:https://gtfsr.transportforireland.ie:443 "GET /v1/?format=json HTTP/1.1" 200 77856
ERROR:django.request:Internal Server Error: /stop/8220DB000006/
Traceback (most recent call last):
  File "C:\Users\35383\anaconda3\envs\DubBusVE\lib\site-packages\django\core\handlers\exception.py", line 55, in inner
    response = get_response(request)
  File "C:\Users\35383\anaconda3\envs\DubBusVE\lib\site-packages\django\core\handlers\base.py", line 197, in _get_response
    response = wrapped_callback(request, *callback_args, **callback_kwargs)
  File "C:\Users\35383\Documents\BusRepo\DublinBusRepo\gtfsAPI\views.py", line 143, in stop_detail
    realtime_updates = realtime_updates['Entity']
TypeError: list indices must be integers or slices, not str
INFO:django.utils.autoreload:C:\Users\35383\Documents\BusRepo\DublinBusRepo\gtfsAPI\views.py changed, reloading.
INFO:root:TEST: 3.283024787902832
INFO:root:TEST: 3.3503470420837402
INFO:root:TEST: 3.8067662715911865
INFO:root:TEST: 3.1264021396636963
INFO:root:TEST: 3.526233434677124
INFO:root:TEST: 3.3936409950256348
INFO:root:TEST: 3.8180935382843018
INFO:root:TEST: 4.40484881401062
INFO:root:TEST: 4.6001551151275635
INFO:django.utils.autoreload:C:\Users\35383\Documents\BusRepo\DublinBusRepo\gtfsAPI\views.py changed, reloading.
INFO:django.utils.autoreload:C:\Users\35383\Documents\BusRepo\DublinBusRepo\gtfsAPI\views.py changed, reloading.
INFO:django.utils.autoreload:C:\Users\35383\Documents\BusRepo\DublinBusRepo\gtfsAPI\views.py changed, reloading.
INFO:django.utils.autoreload:C:\Users\35383\Documents\BusRepo\DublinBusRepo\gtfsAPI\views.py changed, reloading.
INFO:django.utils.autoreload:C:\Users\35383\Documents\BusRepo\DublinBusRepo\gtfsAPI\views.py changed, reloading.
INFO:root:Sequential search algo test. Runtime of search 1:2.647115468978882
INFO:root:TEST: 2.6481144428253174
INFO:root:Sequential search algo test. Runtime of search 1:2.590023994445801
INFO:root:TEST: 2.590023994445801
INFO:root:Sequential search algo test. Runtime of search 1:2.703868865966797
INFO:root:TEST: 2.703868865966797
INFO:root:Sequential search algo test. Runtime of search 1:2.8534772396087646
INFO:root:TEST: 2.8534772396087646
INFO:django.utils.autoreload:C:\Users\35383\Documents\BusRepo\DublinBusRepo\gtfsAPI\views.py changed, reloading.
ERROR:django.request:Internal Server Error: /stop/8250DB000767/
Traceback (most recent call last):
  File "C:\Users\35383\anaconda3\envs\DubBusVE\lib\site-packages\django\core\handlers\exception.py", line 55, in inner
    response = get_response(request)
  File "C:\Users\35383\anaconda3\envs\DubBusVE\lib\site-packages\django\core\handlers\base.py", line 197, in _get_response
    response = wrapped_callback(request, *callback_args, **callback_kwargs)
  File "C:\Users\35383\Documents\BusRepo\DublinBusRepo\gtfsAPI\views.py", line 130, in stop_detail
    for stop_time in stop_time_next_hour.iterator:
TypeError: 'method' object is not iterable
INFO:django.utils.autoreload:C:\Users\35383\Documents\BusRepo\DublinBusRepo\gtfsAPI\views.py changed, reloading.
INFO:root:TEST: 2.732309579849243
INFO:root:TEST: 2.7081098556518555
INFO:root:TEST: 3.938483238220215
INFO:django.utils.autoreload:C:\Users\35383\Documents\BusRepo\DublinBusRepo\gtfsAPI\views.py changed, reloading.
INFO:root:TEST: 2.723290205001831
INFO:django.utils.autoreload:C:\Users\35383\Documents\BusRepo\DublinBusRepo\gtfsAPI\views.py changed, reloading.
INFO:root:TEST: 2.7842705249786377
INFO:django.utils.autoreload:C:\Users\35383\Documents\BusRepo\DublinBusRepo\gtfsAPI\views.py changed, reloading.
INFO:root:TEST: 2.794926643371582
INFO:django.utils.autoreload:C:\Users\35383\Documents\BusRepo\DublinBusRepo\gtfsAPI\views.py changed, reloading.
INFO:django.utils.autoreload:C:\Users\35383\Documents\BusRepo\DublinBusRepo\gtfsAPI\views.py changed, reloading.
INFO:django.utils.autoreload:C:\Users\35383\Documents\BusRepo\DublinBusRepo\gtfsAPI\views.py changed, reloading.
INFO:root:TEST: 2.7920033931732178
INFO:django.utils.autoreload:C:\Users\35383\Documents\BusRepo\DublinBusRepo\gtfsAPI\views.py changed, reloading.
INFO:django.utils.autoreload:C:\Users\35383\Documents\BusRepo\DublinBusRepo\gtfsAPI\views.py changed, reloading.
INFO:root:TEST: 2.5912532806396484
INFO:django.utils.autoreload:C:\Users\35383\Documents\BusRepo\DublinBusRepo\gtfsAPI\views.py changed, reloading.
INFO:root:TEST: 2.8844714164733887
INFO:django.utils.autoreload:C:\Users\35383\Documents\BusRepo\DublinBusRepo\gtfsAPI\views.py changed, reloading.
INFO:django.utils.autoreload:C:\Users\35383\Documents\BusRepo\DublinBusRepo\gtfsAPI\views.py changed, reloading.
INFO:django.utils.autoreload:C:\Users\35383\Documents\BusRepo\DublinBusRepo\gtfsAPI\views.py changed, reloading.
INFO:django.utils.autoreload:C:\Users\35383\Documents\BusRepo\DublinBusRepo\gtfsAPI\views.py changed, reloading.
INFO:root:TEST: 1.061598300933838
INFO:django.utils.autoreload:C:\Users\35383\Documents\BusRepo\DublinBusRepo\gtfsAPI\views.py changed, reloading.
INFO:root:TEST: 2.6124215126037598
